android/app/build/intermediates/manifest_merge_blame_file/release/manifest-merger-blame-release-report.txt
1<?xml version="1.0" encoding="utf-8"?>
2<manifest xmlns:android="http://schemas.android.com/apk/res/android"
3    package="com.rnprac1"
4    android:versionCode="1"
5    android:versionName="1.0" >
6
7    <uses-sdk
8        android:minSdkVersion="21"
8-->src\main\AndroidManifest.xml
9        android:targetSdkVersion="33" />
9-->src\main\AndroidManifest.xml
10
11    <uses-permission android:name="android.permission.INTERNET" />
11-->src\main\AndroidManifest.xml:3:5-67
11-->src\main\AndroidManifest.xml:3:22-64
12    <uses-permission android:name="android.permission.WRITE_EXTERNAL_STORAGE" />
12-->[:expo-file-system] AndroidManifest.xml:9:5-81
12-->[:expo-file-system] AndroidManifest.xml:9:22-78
13    <uses-permission android:name="android.permission.READ_EXTERNAL_STORAGE" />
13-->[:expo-file-system] AndroidManifest.xml:10:5-80
13-->[:expo-file-system] AndroidManifest.xml:10:22-77
14
15    <queries>
15-->[:expo-file-system] AndroidManifest.xml:12:5-18:15
16
17        <!-- Query open documents -->
18        <intent>
18-->[:expo-file-system] AndroidManifest.xml:15:9-17:18
19            <action android:name="android.intent.action.OPEN_DOCUMENT_TREE" />
19-->[:expo-file-system] AndroidManifest.xml:16:13-79
19-->[:expo-file-system] AndroidManifest.xml:16:21-76
20        </intent>
21    </queries>
22
23    <uses-permission android:name="android.permission.USE_BIOMETRIC" /> <!-- suppress DeprecatedClassUsageInspection -->
23-->[androidx.biometric:biometric:1.1.0] AndroidManifest.xml:24:5-72
23-->[androidx.biometric:biometric:1.1.0] AndroidManifest.xml:24:22-69
24    <uses-permission android:name="android.permission.USE_FINGERPRINT" />
24-->[androidx.biometric:biometric:1.1.0] AndroidManifest.xml:27:5-74
24-->[androidx.biometric:biometric:1.1.0] AndroidManifest.xml:27:22-71
25    <uses-permission android:name="com.google.android.finsky.permission.BIND_GET_INSTALL_REFERRER_SERVICE" />
25-->[com.android.installreferrer:installreferrer:1.0] AndroidManifest.xml:9:5-110
25-->[com.android.installreferrer:installreferrer:1.0] AndroidManifest.xml:9:22-107
26
27    <application
27-->src\main\AndroidManifest.xml:5:5-24:19
28        android:name="com.rnprac1.MainApplication"
28-->src\main\AndroidManifest.xml:6:7-38
29        android:allowBackup="false"
29-->src\main\AndroidManifest.xml:10:7-34
30        android:appComponentFactory="androidx.core.app.CoreComponentFactory"
30-->[androidx.core:core:1.7.0] AndroidManifest.xml:24:18-86
31        android:icon="@mipmap/ic_launcher"
31-->src\main\AndroidManifest.xml:8:7-41
32        android:label="@string/app_name"
32-->src\main\AndroidManifest.xml:7:7-39
33        android:roundIcon="@mipmap/ic_launcher_round"
33-->src\main\AndroidManifest.xml:9:7-52
34        android:theme="@style/AppTheme" >
34-->src\main\AndroidManifest.xml:11:7-38
35        <activity
35-->src\main\AndroidManifest.xml:12:7-23:18
36            android:name="com.rnprac1.MainActivity"
36-->src\main\AndroidManifest.xml:13:9-37
37            android:configChanges="keyboard|keyboardHidden|orientation|screenLayout|screenSize|smallestScreenSize|uiMode"
37-->src\main\AndroidManifest.xml:15:9-118
38            android:exported="true"
38-->src\main\AndroidManifest.xml:18:9-32
39            android:label="@string/app_name"
39-->src\main\AndroidManifest.xml:14:9-41
40            android:launchMode="singleTask"
40-->src\main\AndroidManifest.xml:16:9-40
41            android:windowSoftInputMode="adjustResize" >
41-->src\main\AndroidManifest.xml:17:9-51
42            <intent-filter>
42-->src\main\AndroidManifest.xml:19:9-22:25
43                <action android:name="android.intent.action.MAIN" />
43-->src\main\AndroidManifest.xml:20:13-65
43-->src\main\AndroidManifest.xml:20:21-62
44
45                <category android:name="android.intent.category.LAUNCHER" />
45-->src\main\AndroidManifest.xml:21:13-73
45-->src\main\AndroidManifest.xml:21:23-70
46            </intent-filter>
47        </activity>
48
49        <provider
49-->[:expo-file-system] AndroidManifest.xml:21:9-30:20
50            android:name="expo.modules.filesystem.FileSystemFileProvider"
50-->[:expo-file-system] AndroidManifest.xml:22:13-74
51            android:authorities="com.rnprac1.FileSystemFileProvider"
51-->[:expo-file-system] AndroidManifest.xml:23:13-74
52            android:exported="false"
52-->[:expo-file-system] AndroidManifest.xml:24:13-37
53            android:grantUriPermissions="true" >
53-->[:expo-file-system] AndroidManifest.xml:25:13-47
54            <meta-data
54-->[:expo-file-system] AndroidManifest.xml:27:13-29:70
55                android:name="android.support.FILE_PROVIDER_PATHS"
55-->[:expo-file-system] AndroidManifest.xml:28:17-67
56                android:resource="@xml/file_system_provider_paths" />
56-->[:expo-file-system] AndroidManifest.xml:29:17-67
57        </provider>
58
59        <meta-data
59-->[:expo-modules-core] AndroidManifest.xml:8:9-10:89
60            android:name="org.unimodules.core.AppLoader#react-native-headless"
60-->[:expo-modules-core] AndroidManifest.xml:9:13-79
61            android:value="expo.modules.adapters.react.apploader.RNHeadlessAppLoader" />
61-->[:expo-modules-core] AndroidManifest.xml:10:13-86
62
63        <provider
63-->[androidx.emoji2:emoji2:1.0.0] AndroidManifest.xml:26:9-34:20
64            android:name="androidx.startup.InitializationProvider"
64-->[androidx.emoji2:emoji2:1.0.0] AndroidManifest.xml:27:13-67
65            android:authorities="com.rnprac1.androidx-startup"
65-->[androidx.emoji2:emoji2:1.0.0] AndroidManifest.xml:28:13-68
66            android:exported="false" >
66-->[androidx.emoji2:emoji2:1.0.0] AndroidManifest.xml:29:13-37
67            <meta-data
67-->[androidx.emoji2:emoji2:1.0.0] AndroidManifest.xml:31:13-33:52
68                android:name="androidx.emoji2.text.EmojiCompatInitializer"
68-->[androidx.emoji2:emoji2:1.0.0] AndroidManifest.xml:32:17-75
69                android:value="androidx.startup" />
69-->[androidx.emoji2:emoji2:1.0.0] AndroidManifest.xml:33:17-49
70            <meta-data
70-->[androidx.lifecycle:lifecycle-process:2.4.0] AndroidManifest.xml:31:13-33:52
71                android:name="androidx.lifecycle.ProcessLifecycleInitializer"
71-->[androidx.lifecycle:lifecycle-process:2.4.0] AndroidManifest.xml:32:17-78
72                android:value="androidx.startup" />
72-->[androidx.lifecycle:lifecycle-process:2.4.0] AndroidManifest.xml:33:17-49
73        </provider>
74
75        <activity
75-->[com.jakewharton:process-phoenix:2.1.2] AndroidManifest.xml:8:9-12:75
76            android:name="com.jakewharton.processphoenix.ProcessPhoenix"
76-->[com.jakewharton:process-phoenix:2.1.2] AndroidManifest.xml:9:13-73
77            android:exported="false"
77-->[com.jakewharton:process-phoenix:2.1.2] AndroidManifest.xml:10:13-37
78            android:process=":phoenix"
78-->[com.jakewharton:process-phoenix:2.1.2] AndroidManifest.xml:11:13-39
79            android:theme="@android:style/Theme.Translucent.NoTitleBar" />
79-->[com.jakewharton:process-phoenix:2.1.2] AndroidManifest.xml:12:13-72
80    </application>
81
82</manifest>